<?xml version="1.0" encoding="UTF-8"?>
<!-- Generated by org.testng.reporters.JUnitReportReporter -->
<testsuite hostname="DELL-PC" failures="0" tests="1" name="Testng.Explicitwait" time="5.324" errors="0" timestamp="2021-09-27T12:24:13 IST" skipped="0">
  <testcase classname="Testng.Explicitwait" name="login" time="5.324"/>
  <system-out/>
</testsuite> <!-- Testng.Explicitwait -->
