<?xml version="1.0" encoding="UTF-8"?>
<!-- Generated by org.testng.reporters.JUnitReportReporter -->
<testsuite hostname="DELL-PC" failures="0" tests="3" name="Testng.Testng4" time="1.026" errors="0" timestamp="2021-09-23T12:53:58 IST" skipped="0">
  <testcase classname="Testng.Testng4" name="Mangoe" time="1.023"/>
  <system-out/>
  <testcase classname="Testng.Testng4" name="Apple" time="0.001"/>
  <system-out/>
  <testcase classname="Testng.Testng4" name="Pinapple" time="0.002"/>
  <system-out/>
</testsuite> <!-- Testng.Testng4 -->
