<?xml version="1.0" encoding="UTF-8"?>
<!-- Generated by org.testng.reporters.JUnitReportReporter -->
<testsuite hostname="DELL-PC" failures="0" tests="3" name="POM.Dataprovoider" time="0.021" errors="0" timestamp="2021-11-13T14:29:40 IST" skipped="0">
  <testcase classname="POM.Dataprovoider" name="login" time="0.014"/>
  <system-out/>
  <testcase classname="POM.Dataprovoider" name="login" time="0.004"/>
  <system-out/>
  <testcase classname="POM.Dataprovoider" name="login" time="0.003"/>
  <system-out/>
</testsuite> <!-- POM.Dataprovoider -->
