<?xml version="1.0" encoding="UTF-8"?>
<!-- Generated by org.testng.reporters.JUnitReportReporter -->
<testsuite hostname="DELL-PC" failures="0" tests="2" name="Testng.Testng5" time="13.813" errors="0" timestamp="2021-10-06T22:46:34 IST" skipped="0">
  <testcase classname="Testng.Testng5" name="login" time="12.806"/>
  <system-out/>
  <testcase classname="Testng.Testng5" name="homepage" time="1.007"/>
  <system-out/>
</testsuite> <!-- Testng.Testng5 -->
