<?xml version="1.0" encoding="UTF-8"?>
<!-- Generated by org.testng.reporters.JUnitReportReporter -->
<testsuite hostname="DELL-PC" failures="0" tests="7" name="Testng.Groups1" time="3.031" errors="0" timestamp="2021-09-23T13:09:55 IST" skipped="0">
  <testcase classname="Testng.Groups1" name="pineapple" time="0.003"/>
  <system-out/>
  <testcase classname="Testng.Groups1" name="apple1" time="3.014"/>
  <system-out/>
  <testcase classname="Testng.Groups1" name="mango" time="0.003"/>
  <system-out/>
  <testcase classname="Testng.Groups1" name="pomegranate" time="0.003"/>
  <system-out/>
  <testcase classname="Testng.Groups1" name="custardapple" time="0.003"/>
  <system-out/>
  <testcase classname="Testng.Groups1" name="apple" time="0.002"/>
  <system-out/>
  <testcase classname="Testng.Groups1" name="kiwis" time="0.003"/>
  <system-out/>
</testsuite> <!-- Testng.Groups1 -->
