<?xml version="1.0" encoding="UTF-8"?>
<!-- Generated by org.testng.reporters.JUnitReportReporter -->
<testsuite hostname="DELL-PC" failures="0" tests="2" name="Testng.Listner" time="16.009" errors="0" timestamp="2021-10-06T22:47:55 IST" skipped="0">
  <testcase classname="Testng.Listner" name="login" time="15.006"/>
  <system-out/>
  <testcase classname="Testng.Listner" name="homepage" time="1.003"/>
  <system-out/>
</testsuite> <!-- Testng.Listner -->
