<?xml version="1.0" encoding="UTF-8"?>
<!-- Generated by org.testng.reporters.JUnitReportReporter -->
<testsuite hostname="DELL-PC" failures="0" tests="4" name="POM.Dataprovoid1" time="0.018" errors="0" timestamp="2021-09-30T03:31:24 IST" skipped="0">
  <testcase classname="POM.Dataprovoid1" name="integer" time="0.002"/>
  <system-out/>
  <testcase classname="POM.Dataprovoid1" name="integer" time="0.011"/>
  <system-out/>
  <testcase classname="POM.Dataprovoid1" name="integer" time="0.002"/>
  <system-out/>
  <testcase classname="POM.Dataprovoid1" name="integer" time="0.003"/>
  <system-out/>
</testsuite> <!-- POM.Dataprovoid1 -->
