<?xml version="1.0" encoding="UTF-8"?>
<!-- Generated by org.testng.reporters.JUnitReportReporter -->
<testsuite hostname="DELL-PC" failures="0" tests="3" name="Testng.Testng1" time="0.012" errors="0" timestamp="2021-09-23T12:53:58 IST" skipped="0">
  <testcase classname="Testng.Testng1" name="m2" time="0.006"/>
  <system-out/>
  <testcase classname="Testng.Testng1" name="m1" time="0.003"/>
  <system-out/>
  <testcase classname="Testng.Testng1" name="m3" time="0.003"/>
  <system-out/>
</testsuite> <!-- Testng.Testng1 -->
