<?xml version="1.0" encoding="UTF-8"?>
<!-- Generated by org.testng.reporters.JUnitReportReporter -->
<testsuite hostname="DELL-PC" failures="0" tests="6" name="Testng.Parameterr" time="41.596" errors="0" timestamp="2021-10-10T19:49:12 IST" skipped="0">
  <testcase classname="Testng.Parameterr" name="f1" time="0.003"/>
  <system-out/>
  <testcase classname="Testng.Parameterr" name="browserTest" time="11.563"/>
  <system-out/>
  <testcase classname="Testng.Parameterr" name="browserTest" time="30.017"/>
  <system-out/>
  <testcase classname="Testng.Parameterr" name="f2" time="0.008"/>
  <system-out/>
  <testcase classname="Testng.Parameterr" name="f1" time="0.002"/>
  <system-out/>
  <testcase classname="Testng.Parameterr" name="f2" time="0.003"/>
  <system-out/>
</testsuite> <!-- Testng.Parameterr -->
