<?xml version="1.0" encoding="UTF-8"?>
<!-- Generated by org.testng.reporters.JUnitReportReporter -->
<testsuite hostname="DELL-PC" failures="0" tests="3" name="Testng.Groups2" time="0.006" errors="0" timestamp="2021-09-22T15:29:27 IST" skipped="0">
  <testcase classname="Testng.Groups2" name="f" time="0.002"/>
  <system-out/>
  <testcase classname="Testng.Groups2" name="f1" time="0.002"/>
  <system-out/>
  <testcase classname="Testng.Groups2" name="f2" time="0.002"/>
  <system-out/>
</testsuite> <!-- Testng.Groups2 -->
