<?xml version="1.0" encoding="UTF-8"?>
<!-- Generated by org.testng.reporters.JUnitReportReporter -->
<testsuite hostname="DELL-PC" failures="0" tests="3" name="POM.Datawithinclass" time="0.019" errors="0" timestamp="2021-09-30T03:13:58 IST" skipped="0">
  <testcase classname="POM.Datawithinclass" name="Testlogin" time="0.014"/>
  <system-out/>
  <testcase classname="POM.Datawithinclass" name="Testlogin" time="0.002"/>
  <system-out/>
  <testcase classname="POM.Datawithinclass" name="Testlogin" time="0.003"/>
  <system-out/>
</testsuite> <!-- POM.Datawithinclass -->
