<?xml version="1.0" encoding="UTF-8"?>
<!-- Generated by org.testng.reporters.JUnitReportReporter -->
<testsuite hostname="DELL-PC" failures="0" tests="1" name="POM.Logintest" time="6.147" errors="0" timestamp="2021-09-29T11:33:55 IST" skipped="0">
  <testcase classname="POM.Logintest" name="login" time="6.147"/>
  <system-out/>
</testsuite> <!-- POM.Logintest -->
