<?xml version="1.0" encoding="UTF-8"?>
<!-- Generated by org.testng.reporters.JUnitReportReporter -->
<testsuite hostname="DELL-PC" failures="0" tests="2" name="POM.Faceclass" time="23.589" errors="0" timestamp="2021-09-29T12:13:56 IST" skipped="0">
  <testcase classname="POM.Faceclass" name="login" time="0.339"/>
  <system-out/>
  <testcase classname="POM.Faceclass" name="search" time="23.250"/>
  <system-out/>
</testsuite> <!-- POM.Faceclass -->
